<?xml version="1.0" encoding="UTF-8"?>
<!-- Generated by org.testng.reporters.JUnitReportReporter -->
<testsuite hostname="Supriya" failures="1" tests="10" name="automationFramework.tests.AccountsTestNG" time="29.706" errors="0" timestamp="2025-06-30T11:19:05 IST" skipped="9">
  <testcase classname="automationFramework.tests.AccountsTestNG" name="setUp" time="29.706">
    <failure message="Login failed. Stopping execution." type="java.lang.AssertionError">
      <![CDATA[java.lang.AssertionError: Login failed. Stopping execution.
at org.testng.Assert.fail(Assert.java:111)
at automationFramework.tests.AccountsTestNG.setUp(AccountsTestNG.java:53)
at java.base/jdk.internal.reflect.NativeMethodAccessorImpl.invoke0(Native Method)
at java.base/jdk.internal.reflect.NativeMethodAccessorImpl.invoke(NativeMethodAccessorImpl.java:77)
at java.base/jdk.internal.reflect.DelegatingMethodAccessorImpl.invoke(DelegatingMethodAccessorImpl.java:43)
at java.base/java.lang.reflect.Method.invoke(Method.java:568)
at org.testng.internal.invokers.MethodInvocationHelper.invokeMethod(MethodInvocationHelper.java:141)
at org.testng.internal.invokers.MethodInvocationHelper.invokeMethodConsideringTimeout(MethodInvocationHelper.java:71)
at org.testng.internal.invokers.ConfigInvoker.invokeConfigurationMethod(ConfigInvoker.java:400)
at org.testng.internal.invokers.ConfigInvoker.invokeConfigurations(ConfigInvoker.java:333)
at org.testng.internal.invokers.TestMethodWorker.invokeBeforeClassMethods(TestMethodWorker.java:188)
at org.testng.internal.invokers.TestMethodWorker.run(TestMethodWorker.java:128)
at java.base/java.util.ArrayList.forEach(ArrayList.java:1511)
at org.testng.TestRunner.privateRun(TestRunner.java:741)
at org.testng.TestRunner.run(TestRunner.java:616)
at org.testng.SuiteRunner.runTest(SuiteRunner.java:421)
at org.testng.SuiteRunner.runSequentially(SuiteRunner.java:413)
at org.testng.SuiteRunner.privateRun(SuiteRunner.java:373)
at org.testng.SuiteRunner.run(SuiteRunner.java:312)
at org.testng.SuiteRunnerWorker.runSuite(SuiteRunnerWorker.java:52)
at org.testng.SuiteRunnerWorker.run(SuiteRunnerWorker.java:95)
at org.testng.TestNG.runSuitesSequentially(TestNG.java:1274)
at org.testng.TestNG.runSuitesLocally(TestNG.java:1208)
at org.testng.TestNG.runSuites(TestNG.java:1112)
at org.testng.TestNG.run(TestNG.java:1079)
at automationFramework.runner.TestNGRunner.main(TestNGRunner.java:67)
]]>
    </failure>
  </testcase> <!-- setUp -->
  <testcase classname="automationFramework.tests.AccountsTestNG" name="testAccountSummary" time="0.000">
    <skipped/>
  </testcase> <!-- testAccountSummary -->
  <testcase classname="automationFramework.tests.AccountsTestNG" name="downloadOneMonthStatementPdf" time="0.000">
    <skipped/>
  </testcase> <!-- downloadOneMonthStatementPdf -->
  <testcase classname="automationFramework.tests.AccountsTestNG" name="downloadThreeMonthStatementPdf" time="0.000">
    <skipped/>
  </testcase> <!-- downloadThreeMonthStatementPdf -->
  <testcase classname="automationFramework.tests.AccountsTestNG" name="downloadOneMonthStatementXls" time="0.000">
    <skipped/>
  </testcase> <!-- downloadOneMonthStatementXls -->
  <testcase classname="automationFramework.tests.AccountsTestNG" name="downloadThreeMonthStatementXls" time="0.000">
    <skipped/>
  </testcase> <!-- downloadThreeMonthStatementXls -->
  <testcase classname="automationFramework.tests.AccountsTestNG" name="downloadCustom6MonthsXsl" time="0.000">
    <skipped/>
  </testcase> <!-- downloadCustom6MonthsXsl -->
  <testcase classname="automationFramework.tests.AccountsTestNG" name="downloadCustom12MonthsPdf" time="0.000">
    <skipped/>
  </testcase> <!-- downloadCustom12MonthsPdf -->
  <testcase classname="automationFramework.tests.AccountsTestNG" name="downloadCustom6MonthsPdf" time="0.000">
    <skipped/>
  </testcase> <!-- downloadCustom6MonthsPdf -->
  <testcase classname="automationFramework.tests.AccountsTestNG" name="downloadCustom12MonthsXsl" time="0.000">
    <skipped/>
  </testcase> <!-- downloadCustom12MonthsXsl -->
</testsuite> <!-- automationFramework.tests.AccountsTestNG -->
