<?xml version="1.0" encoding="UTF-8"?>
<!-- Generated by org.testng.reporters.JUnitReportReporter -->
<testsuite hostname="Supriya" failures="0" tests="3" name="automationFramework.tests.PaymentTestNG" time="58.935" errors="0" timestamp="2025-06-13T00:58:15 IST" skipped="0">
  <testcase classname="automationFramework.tests.PaymentTestNG" name="loginBeforePayment" time="14.333"/>
  <testcase classname="automationFramework.tests.PaymentTestNG" name="testPayment" time="16.513"/>
  <testcase classname="automationFramework.tests.PaymentTestNG" name="testInvalidAmountScenarios" time="28.089"/>
</testsuite> <!-- automationFramework.tests.PaymentTestNG -->
