<?xml version="1.0" encoding="UTF-8"?>
<!-- Generated by org.testng.reporters.JUnitReportReporter -->
<testsuite hostname="Supriya" failures="0" tests="3" name="automationFramework.tests.PaymentTestNG" time="33.535" errors="0" timestamp="2025-06-06T17:43:56 IST" skipped="0">
  <testcase classname="automationFramework.tests.PaymentTestNG" name="loginBeforePayment" time="13.783"/>
  <testcase classname="automationFramework.tests.PaymentTestNG" name="testPayment" time="13.026"/>
  <testcase classname="automationFramework.tests.PaymentTestNG" name="testInvalidAmountScenarios" time="6.726"/>
</testsuite> <!-- automationFramework.tests.PaymentTestNG -->
