<?xml version="1.0" encoding="UTF-8"?>
<!-- Generated by org.testng.reporters.JUnitReportReporter -->
<testsuite hostname="Supriya" failures="0" tests="2" name="automationFramework.tests.PaymentTestNG" time="33.555" errors="0" timestamp="2025-06-16T16:49:34 IST" skipped="0">
  <testcase classname="automationFramework.tests.PaymentTestNG" name="loginBeforePayment" time="14.537"/>
  <testcase classname="automationFramework.tests.PaymentTestNG" name="testPayment" time="19.018"/>
</testsuite> <!-- automationFramework.tests.PaymentTestNG -->
