<?xml version="1.0" encoding="UTF-8"?>
<!-- Generated by org.testng.reporters.JUnitReportReporter -->
<testsuite hostname="Supriya" failures="0" tests="3" name="automationFramework.tests.PaymentTestNG" time="75.192" errors="0" timestamp="2025-06-18T12:49:25 IST" skipped="0">
  <testcase classname="automationFramework.tests.PaymentTestNG" name="loginBeforePayment" time="18.008"/>
  <testcase classname="automationFramework.tests.PaymentTestNG" name="testPayment" time="22.314"/>
  <testcase classname="automationFramework.tests.PaymentTestNG" name="testInvalidAmountScenarios" time="34.870"/>
</testsuite> <!-- automationFramework.tests.PaymentTestNG -->
