<?xml version="1.0" encoding="UTF-8"?>
<!-- Generated by org.testng.reporters.JUnitReportReporter -->
<testsuite hostname="Supriya" failures="0" tests="4" name="automationFramework.tests.ServicesTestNG" time="240.985" errors="0" timestamp="2025-06-20T16:35:51 IST" skipped="0">
  <testcase classname="automationFramework.tests.ServicesTestNG" name="testManageSMSFlow" time="75.285"/>
  <testcase classname="automationFramework.tests.ServicesTestNG" name="testEmptyThresholds" time="39.961"/>
  <testcase classname="automationFramework.tests.ServicesTestNG" name="testNegativeThresholds" time="29.545"/>
  <testcase classname="automationFramework.tests.ServicesTestNG" name="testInvalidOTP" time="96.194"/>
</testsuite> <!-- automationFramework.tests.ServicesTestNG -->
