<?xml version="1.0" encoding="UTF-8"?>
<!-- Generated by org.testng.reporters.JUnitReportReporter -->
<testsuite hostname="Supriya" failures="0" tests="1" name="automationFramework.tests.LoginTestNG" time="14.588" errors="0" timestamp="2025-06-05T14:49:03 IST" skipped="0">
  <testcase classname="automationFramework.tests.LoginTestNG" name="testLogin" time="14.588"/>
</testsuite> <!-- automationFramework.tests.LoginTestNG -->
