<?xml version="1.0" encoding="UTF-8"?>
<!-- Generated by org.testng.reporters.JUnitReportReporter -->
<testsuite hostname="Supriya" failures="0" tests="3" name="automationFramework.tests.PaymentTestNG" time="66.247" errors="0" timestamp="2025-06-11T17:26:42 IST" skipped="0">
  <testcase classname="automationFramework.tests.PaymentTestNG" name="loginBeforePayment" time="14.233"/>
  <testcase classname="automationFramework.tests.PaymentTestNG" name="testPayment" time="20.966"/>
  <testcase classname="automationFramework.tests.PaymentTestNG" name="testInvalidAmountScenarios" time="31.048"/>
</testsuite> <!-- automationFramework.tests.PaymentTestNG -->
