<?xml version="1.0" encoding="UTF-8"?>
<!-- Generated by org.testng.reporters.JUnitReportReporter -->
<testsuite hostname="Supriya" failures="0" tests="3" name="automationFramework.tests.PaymentTestNG" time="88.899" errors="0" timestamp="2025-06-11T10:32:05 IST" skipped="0">
  <testcase classname="automationFramework.tests.PaymentTestNG" name="loginBeforePayment" time="34.803"/>
  <testcase classname="automationFramework.tests.PaymentTestNG" name="testPayment" time="33.871"/>
  <testcase classname="automationFramework.tests.PaymentTestNG" name="testInvalidAmountScenarios" time="20.225"/>
</testsuite> <!-- automationFramework.tests.PaymentTestNG -->
