<?xml version="1.0" encoding="UTF-8"?>
<!-- Generated by org.testng.reporters.JUnitReportReporter -->
<testsuite hostname="Supriya" failures="0" tests="3" name="automationFramework.tests.PaymentTestNG" time="42.040" errors="0" timestamp="2025-06-06T18:51:46 IST" skipped="0">
  <testcase classname="automationFramework.tests.PaymentTestNG" name="loginBeforePayment" time="16.061"/>
  <testcase classname="automationFramework.tests.PaymentTestNG" name="testPayment" time="18.696"/>
  <testcase classname="automationFramework.tests.PaymentTestNG" name="testInvalidAmountScenarios" time="7.283"/>
</testsuite> <!-- automationFramework.tests.PaymentTestNG -->
