<?xml version="1.0" encoding="UTF-8"?>
<!-- Generated by org.testng.reporters.JUnitReportReporter -->
<testsuite hostname="Supriya" failures="0" tests="1" name="automationFramework.tests.ServicesTestNG" time="97.222" errors="0" timestamp="2025-06-18T16:12:39 IST" skipped="0">
  <testcase classname="automationFramework.tests.ServicesTestNG" name="testManageSMSFlow" time="97.222"/>
</testsuite> <!-- automationFramework.tests.ServicesTestNG -->
