<?xml version="1.0" encoding="UTF-8"?>
<!-- Generated by org.testng.reporters.JUnitReportReporter -->
<testsuite hostname="Supriya" failures="0" tests="3" name="automationFramework.tests.ServicesTestNG" time="227.361" errors="0" timestamp="2025-06-18T19:04:36 IST" skipped="0">
  <testcase classname="automationFramework.tests.ServicesTestNG" name="testManageSMSFlow" time="107.318"/>
  <testcase classname="automationFramework.tests.ServicesTestNG" name="testEmptyThresholds" time="81.367"/>
  <testcase classname="automationFramework.tests.ServicesTestNG" name="testNegativeThresholds" time="38.676"/>
</testsuite> <!-- automationFramework.tests.ServicesTestNG -->
