<?xml version="1.0" encoding="UTF-8"?>
<!-- Generated by org.testng.reporters.JUnitReportReporter -->
<testsuite hostname="Supriya" failures="0" tests="3" name="automationFramework.tests.PaymentTestNG" time="82.227" errors="0" timestamp="2025-06-10T17:37:33 IST" skipped="0">
  <testcase classname="automationFramework.tests.PaymentTestNG" name="loginBeforePayment" time="46.517"/>
  <testcase classname="automationFramework.tests.PaymentTestNG" name="testPayment" time="18.952"/>
  <testcase classname="automationFramework.tests.PaymentTestNG" name="testInvalidAmountScenarios" time="16.758"/>
</testsuite> <!-- automationFramework.tests.PaymentTestNG -->
