<?xml version="1.0" encoding="UTF-8"?>
<!-- Generated by org.testng.reporters.JUnitReportReporter -->
<testsuite hostname="Supriya" failures="0" tests="4" name="automationFramework.tests.ServicesTestNG" time="425.667" errors="0" timestamp="2025-06-19T16:40:01 IST" skipped="0">
  <testcase classname="automationFramework.tests.ServicesTestNG" name="testManageSMSFlow" time="118.497"/>
  <testcase classname="automationFramework.tests.ServicesTestNG" name="testEmptyThresholds" time="71.549"/>
  <testcase classname="automationFramework.tests.ServicesTestNG" name="testNegativeThresholds" time="60.678"/>
  <testcase classname="automationFramework.tests.ServicesTestNG" name="testInvalidOTP" time="174.943"/>
</testsuite> <!-- automationFramework.tests.ServicesTestNG -->
