<?xml version="1.0" encoding="UTF-8"?>
<!-- Generated by org.testng.reporters.JUnitReportReporter -->
<testsuite hostname="Supriya" failures="0" tests="3" name="automationFramework.tests.PaymentTestNG" time="128.702" errors="0" timestamp="2025-06-19T16:40:01 IST" skipped="0">
  <testcase classname="automationFramework.tests.PaymentTestNG" name="loginBeforePayment" time="23.408"/>
  <testcase classname="automationFramework.tests.PaymentTestNG" name="testPayment" time="28.268"/>
  <testcase classname="automationFramework.tests.PaymentTestNG" name="testInvalidAmountScenarios" time="77.026"/>
</testsuite> <!-- automationFramework.tests.PaymentTestNG -->
