<?xml version="1.0" encoding="UTF-8"?>
<!-- Generated by org.testng.reporters.JUnitReportReporter -->
<testsuite hostname="Supriya" failures="0" tests="3" name="automationFramework.tests.PaymentTestNG" time="78.079" errors="0" timestamp="2025-06-17T13:02:58 IST" skipped="0">
  <testcase classname="automationFramework.tests.PaymentTestNG" name="loginBeforePayment" time="19.146"/>
  <testcase classname="automationFramework.tests.PaymentTestNG" name="testPayment" time="22.244"/>
  <testcase classname="automationFramework.tests.PaymentTestNG" name="testInvalidAmountScenarios" time="36.689"/>
</testsuite> <!-- automationFramework.tests.PaymentTestNG -->
