<?xml version="1.0" encoding="UTF-8"?>
<!-- Generated by org.testng.reporters.JUnitReportReporter -->
<testsuite hostname="Supriya" failures="0" tests="5" name="automationFramework.tests.AccountsTestNG" time="1211.263" errors="0" timestamp="2025-06-13T13:41:36 IST" skipped="0">
  <testcase classname="automationFramework.tests.AccountsTestNG" name="testAccountSummary" time="256.667"/>
  <testcase classname="automationFramework.tests.AccountsTestNG" name="downloadOneMonthStatementPdf" time="206.908"/>
  <testcase classname="automationFramework.tests.AccountsTestNG" name="downloadThreeMonthStatementPdf" time="266.790"/>
  <testcase classname="automationFramework.tests.AccountsTestNG" name="downloadOneMonthStatementXls" time="214.070"/>
  <testcase classname="automationFramework.tests.AccountsTestNG" name="downloadThreeMonthStatementXls" time="266.828"/>
</testsuite> <!-- automationFramework.tests.AccountsTestNG -->
