<?xml version="1.0" encoding="UTF-8"?>
<!-- Generated by org.testng.reporters.JUnitReportReporter -->
<testsuite hostname="Supriya" failures="0" tests="9" name="automationFramework.tests.AccountsTestNG" time="1134.361" errors="5" timestamp="2025-06-20T16:35:51 IST" skipped="0">
  <testcase classname="automationFramework.tests.AccountsTestNG" name="testAccountSummary" time="212.216"/>
  <testcase classname="automationFramework.tests.AccountsTestNG" name="downloadOneMonthStatementPdf" time="78.442"/>
  <testcase classname="automationFramework.tests.AccountsTestNG" name="downloadThreeMonthStatementPdf" time="138.317"/>
  <testcase classname="automationFramework.tests.AccountsTestNG" name="downloadOneMonthStatementXls" time="67.691">
    <error message="Failed to download 1 Month statement in XLS" type="java.lang.RuntimeException">
      <![CDATA[java.lang.RuntimeException: Failed to download 1 Month statement in XLS
at automationFramework.pages.AccountsPage.downloadStatement(AccountsPage.java:135)
at automationFramework.tests.AccountsTestNG.lambda$3(AccountsTestNG.java:94)
at automationFramework.tests.AccountsTestNG.runDownloadTest(AccountsTestNG.java:67)
at automationFramework.tests.AccountsTestNG.downloadOneMonthStatementXls(AccountsTestNG.java:94)
at java.base/jdk.internal.reflect.NativeMethodAccessorImpl.invoke0(Native Method)
at java.base/jdk.internal.reflect.NativeMethodAccessorImpl.invoke(NativeMethodAccessorImpl.java:77)
at java.base/jdk.internal.reflect.DelegatingMethodAccessorImpl.invoke(DelegatingMethodAccessorImpl.java:43)
at java.base/java.lang.reflect.Method.invoke(Method.java:568)
at org.testng.internal.invokers.MethodInvocationHelper.invokeMethod(MethodInvocationHelper.java:141)
at org.testng.internal.invokers.TestInvoker.invokeMethod(TestInvoker.java:687)
at org.testng.internal.invokers.TestInvoker.invokeTestMethod(TestInvoker.java:230)
at org.testng.internal.invokers.MethodRunner.runInSequence(MethodRunner.java:63)
at org.testng.internal.invokers.TestInvoker$MethodInvocationAgent.invoke(TestInvoker.java:995)
at org.testng.internal.invokers.TestInvoker.invokeTestMethods(TestInvoker.java:203)
at org.testng.internal.invokers.TestMethodWorker.invokeTestMethods(TestMethodWorker.java:154)
at org.testng.internal.invokers.TestMethodWorker.run(TestMethodWorker.java:134)
at java.base/java.util.ArrayList.forEach(ArrayList.java:1511)
at org.testng.TestRunner.privateRun(TestRunner.java:741)
at org.testng.TestRunner.run(TestRunner.java:616)
at org.testng.SuiteRunner.runTest(SuiteRunner.java:421)
at org.testng.SuiteRunner.runSequentially(SuiteRunner.java:413)
at org.testng.SuiteRunner.privateRun(SuiteRunner.java:373)
at org.testng.SuiteRunner.run(SuiteRunner.java:312)
at org.testng.SuiteRunnerWorker.runSuite(SuiteRunnerWorker.java:52)
at org.testng.SuiteRunnerWorker.run(SuiteRunnerWorker.java:95)
at org.testng.TestNG.runSuitesSequentially(TestNG.java:1274)
at org.testng.TestNG.runSuitesLocally(TestNG.java:1208)
at org.testng.TestNG.runSuites(TestNG.java:1112)
at org.testng.TestNG.run(TestNG.java:1079)
at org.testng.remote.AbstractRemoteTestNG.run(AbstractRemoteTestNG.java:115)
at org.testng.remote.RemoteTestNG.initAndRun(RemoteTestNG.java:293)
at org.testng.remote.RemoteTestNG.main(RemoteTestNG.java:91)
Caused by: java.lang.RuntimeException: ❌ Click failed after 3 attempts: By.xpath: //span[@class='p-menuitem-text' and text()='Accounts']
at automationFramework.pages.BasePage.clickWithRetry(BasePage.java:75)
at automationFramework.pages.AccountsPage.ensureDetailedStatementVisible(AccountsPage.java:93)
at automationFramework.pages.AccountsPage.downloadStatement(AccountsPage.java:103)
... 31 more
]]>
    </error>
  </testcase> <!-- downloadOneMonthStatementXls -->
  <testcase classname="automationFramework.tests.AccountsTestNG" name="downloadThreeMonthStatementXls" time="218.618"/>
  <testcase classname="automationFramework.tests.AccountsTestNG" name="downloadCustom6MonthsXsl" time="294.945">
    <error message="Custom statement download failed for 6 months" type="java.lang.RuntimeException">
      <![CDATA[java.lang.RuntimeException: Custom statement download failed for 6 months
at automationFramework.pages.AccountsPage.downloadCustomStatement(AccountsPage.java:217)
at automationFramework.tests.AccountsTestNG.lambda$5(AccountsTestNG.java:105)
at automationFramework.tests.AccountsTestNG.runDownloadTest(AccountsTestNG.java:67)
at automationFramework.tests.AccountsTestNG.downloadCustom6MonthsXsl(AccountsTestNG.java:104)
at java.base/jdk.internal.reflect.NativeMethodAccessorImpl.invoke0(Native Method)
at java.base/jdk.internal.reflect.NativeMethodAccessorImpl.invoke(NativeMethodAccessorImpl.java:77)
at java.base/jdk.internal.reflect.DelegatingMethodAccessorImpl.invoke(DelegatingMethodAccessorImpl.java:43)
at java.base/java.lang.reflect.Method.invoke(Method.java:568)
at org.testng.internal.invokers.MethodInvocationHelper.invokeMethod(MethodInvocationHelper.java:141)
at org.testng.internal.invokers.TestInvoker.invokeMethod(TestInvoker.java:687)
at org.testng.internal.invokers.TestInvoker.invokeTestMethod(TestInvoker.java:230)
at org.testng.internal.invokers.MethodRunner.runInSequence(MethodRunner.java:63)
at org.testng.internal.invokers.TestInvoker$MethodInvocationAgent.invoke(TestInvoker.java:995)
at org.testng.internal.invokers.TestInvoker.invokeTestMethods(TestInvoker.java:203)
at org.testng.internal.invokers.TestMethodWorker.invokeTestMethods(TestMethodWorker.java:154)
at org.testng.internal.invokers.TestMethodWorker.run(TestMethodWorker.java:134)
at java.base/java.util.ArrayList.forEach(ArrayList.java:1511)
at org.testng.TestRunner.privateRun(TestRunner.java:741)
at org.testng.TestRunner.run(TestRunner.java:616)
at org.testng.SuiteRunner.runTest(SuiteRunner.java:421)
at org.testng.SuiteRunner.runSequentially(SuiteRunner.java:413)
at org.testng.SuiteRunner.privateRun(SuiteRunner.java:373)
at org.testng.SuiteRunner.run(SuiteRunner.java:312)
at org.testng.SuiteRunnerWorker.runSuite(SuiteRunnerWorker.java:52)
at org.testng.SuiteRunnerWorker.run(SuiteRunnerWorker.java:95)
at org.testng.TestNG.runSuitesSequentially(TestNG.java:1274)
at org.testng.TestNG.runSuitesLocally(TestNG.java:1208)
at org.testng.TestNG.runSuites(TestNG.java:1112)
at org.testng.TestNG.run(TestNG.java:1079)
at org.testng.remote.AbstractRemoteTestNG.run(AbstractRemoteTestNG.java:115)
at org.testng.remote.RemoteTestNG.initAndRun(RemoteTestNG.java:293)
at org.testng.remote.RemoteTestNG.main(RemoteTestNG.java:91)
Caused by: java.lang.RuntimeException: ❌ Click failed after 3 attempts: By.xpath: //img[contains(@src,'ic_excel_file.svg') and @alt='excel']
at automationFramework.pages.BasePage.clickWithRetry(BasePage.java:75)
at automationFramework.pages.AccountsPage.downloadCustomStatement(AccountsPage.java:206)
... 31 more
]]>
    </error>
  </testcase> <!-- downloadCustom6MonthsXsl -->
  <testcase classname="automationFramework.tests.AccountsTestNG" name="downloadCustom12MonthsPdf" time="41.089">
    <error message="Custom statement download failed for 12 months" type="java.lang.RuntimeException">
      <![CDATA[java.lang.RuntimeException: Custom statement download failed for 12 months
at automationFramework.pages.AccountsPage.downloadCustomStatement(AccountsPage.java:217)
at automationFramework.tests.AccountsTestNG.lambda$6(AccountsTestNG.java:111)
at automationFramework.tests.AccountsTestNG.runDownloadTest(AccountsTestNG.java:67)
at automationFramework.tests.AccountsTestNG.downloadCustom12MonthsPdf(AccountsTestNG.java:110)
at java.base/jdk.internal.reflect.NativeMethodAccessorImpl.invoke0(Native Method)
at java.base/jdk.internal.reflect.NativeMethodAccessorImpl.invoke(NativeMethodAccessorImpl.java:77)
at java.base/jdk.internal.reflect.DelegatingMethodAccessorImpl.invoke(DelegatingMethodAccessorImpl.java:43)
at java.base/java.lang.reflect.Method.invoke(Method.java:568)
at org.testng.internal.invokers.MethodInvocationHelper.invokeMethod(MethodInvocationHelper.java:141)
at org.testng.internal.invokers.TestInvoker.invokeMethod(TestInvoker.java:687)
at org.testng.internal.invokers.TestInvoker.invokeTestMethod(TestInvoker.java:230)
at org.testng.internal.invokers.MethodRunner.runInSequence(MethodRunner.java:63)
at org.testng.internal.invokers.TestInvoker$MethodInvocationAgent.invoke(TestInvoker.java:995)
at org.testng.internal.invokers.TestInvoker.invokeTestMethods(TestInvoker.java:203)
at org.testng.internal.invokers.TestMethodWorker.invokeTestMethods(TestMethodWorker.java:154)
at org.testng.internal.invokers.TestMethodWorker.run(TestMethodWorker.java:134)
at java.base/java.util.ArrayList.forEach(ArrayList.java:1511)
at org.testng.TestRunner.privateRun(TestRunner.java:741)
at org.testng.TestRunner.run(TestRunner.java:616)
at org.testng.SuiteRunner.runTest(SuiteRunner.java:421)
at org.testng.SuiteRunner.runSequentially(SuiteRunner.java:413)
at org.testng.SuiteRunner.privateRun(SuiteRunner.java:373)
at org.testng.SuiteRunner.run(SuiteRunner.java:312)
at org.testng.SuiteRunnerWorker.runSuite(SuiteRunnerWorker.java:52)
at org.testng.SuiteRunnerWorker.run(SuiteRunnerWorker.java:95)
at org.testng.TestNG.runSuitesSequentially(TestNG.java:1274)
at org.testng.TestNG.runSuitesLocally(TestNG.java:1208)
at org.testng.TestNG.runSuites(TestNG.java:1112)
at org.testng.TestNG.run(TestNG.java:1079)
at org.testng.remote.AbstractRemoteTestNG.run(AbstractRemoteTestNG.java:115)
at org.testng.remote.RemoteTestNG.initAndRun(RemoteTestNG.java:293)
at org.testng.remote.RemoteTestNG.main(RemoteTestNG.java:91)
Caused by: java.lang.RuntimeException: ❌ Click failed after 3 attempts: By.xpath: //span[@class='p-menuitem-text' and text()='Accounts']
at automationFramework.pages.BasePage.clickWithRetry(BasePage.java:75)
at automationFramework.pages.AccountsPage.ensureDetailedStatementVisible(AccountsPage.java:93)
at automationFramework.pages.AccountsPage.downloadCustomStatement(AccountsPage.java:144)
... 31 more
]]>
    </error>
  </testcase> <!-- downloadCustom12MonthsPdf -->
  <testcase classname="automationFramework.tests.AccountsTestNG" name="downloadCustom6MonthsPdf" time="41.563">
    <error message="Custom statement download failed for 6 months" type="java.lang.RuntimeException">
      <![CDATA[java.lang.RuntimeException: Custom statement download failed for 6 months
at automationFramework.pages.AccountsPage.downloadCustomStatement(AccountsPage.java:217)
at automationFramework.tests.AccountsTestNG.lambda$7(AccountsTestNG.java:117)
at automationFramework.tests.AccountsTestNG.runDownloadTest(AccountsTestNG.java:67)
at automationFramework.tests.AccountsTestNG.downloadCustom6MonthsPdf(AccountsTestNG.java:116)
at java.base/jdk.internal.reflect.NativeMethodAccessorImpl.invoke0(Native Method)
at java.base/jdk.internal.reflect.NativeMethodAccessorImpl.invoke(NativeMethodAccessorImpl.java:77)
at java.base/jdk.internal.reflect.DelegatingMethodAccessorImpl.invoke(DelegatingMethodAccessorImpl.java:43)
at java.base/java.lang.reflect.Method.invoke(Method.java:568)
at org.testng.internal.invokers.MethodInvocationHelper.invokeMethod(MethodInvocationHelper.java:141)
at org.testng.internal.invokers.TestInvoker.invokeMethod(TestInvoker.java:687)
at org.testng.internal.invokers.TestInvoker.invokeTestMethod(TestInvoker.java:230)
at org.testng.internal.invokers.MethodRunner.runInSequence(MethodRunner.java:63)
at org.testng.internal.invokers.TestInvoker$MethodInvocationAgent.invoke(TestInvoker.java:995)
at org.testng.internal.invokers.TestInvoker.invokeTestMethods(TestInvoker.java:203)
at org.testng.internal.invokers.TestMethodWorker.invokeTestMethods(TestMethodWorker.java:154)
at org.testng.internal.invokers.TestMethodWorker.run(TestMethodWorker.java:134)
at java.base/java.util.ArrayList.forEach(ArrayList.java:1511)
at org.testng.TestRunner.privateRun(TestRunner.java:741)
at org.testng.TestRunner.run(TestRunner.java:616)
at org.testng.SuiteRunner.runTest(SuiteRunner.java:421)
at org.testng.SuiteRunner.runSequentially(SuiteRunner.java:413)
at org.testng.SuiteRunner.privateRun(SuiteRunner.java:373)
at org.testng.SuiteRunner.run(SuiteRunner.java:312)
at org.testng.SuiteRunnerWorker.runSuite(SuiteRunnerWorker.java:52)
at org.testng.SuiteRunnerWorker.run(SuiteRunnerWorker.java:95)
at org.testng.TestNG.runSuitesSequentially(TestNG.java:1274)
at org.testng.TestNG.runSuitesLocally(TestNG.java:1208)
at org.testng.TestNG.runSuites(TestNG.java:1112)
at org.testng.TestNG.run(TestNG.java:1079)
at org.testng.remote.AbstractRemoteTestNG.run(AbstractRemoteTestNG.java:115)
at org.testng.remote.RemoteTestNG.initAndRun(RemoteTestNG.java:293)
at org.testng.remote.RemoteTestNG.main(RemoteTestNG.java:91)
Caused by: java.lang.RuntimeException: ❌ Click failed after 3 attempts: By.xpath: //span[@class='p-menuitem-text' and text()='Accounts']
at automationFramework.pages.BasePage.clickWithRetry(BasePage.java:75)
at automationFramework.pages.AccountsPage.ensureDetailedStatementVisible(AccountsPage.java:93)
at automationFramework.pages.AccountsPage.downloadCustomStatement(AccountsPage.java:144)
... 31 more
]]>
    </error>
  </testcase> <!-- downloadCustom6MonthsPdf -->
  <testcase classname="automationFramework.tests.AccountsTestNG" name="downloadCustom12MonthsXsl" time="41.480">
    <error message="Custom statement download failed for 12 months" type="java.lang.RuntimeException">
      <![CDATA[java.lang.RuntimeException: Custom statement download failed for 12 months
at automationFramework.pages.AccountsPage.downloadCustomStatement(AccountsPage.java:217)
at automationFramework.tests.AccountsTestNG.lambda$8(AccountsTestNG.java:123)
at automationFramework.tests.AccountsTestNG.runDownloadTest(AccountsTestNG.java:67)
at automationFramework.tests.AccountsTestNG.downloadCustom12MonthsXsl(AccountsTestNG.java:122)
at java.base/jdk.internal.reflect.NativeMethodAccessorImpl.invoke0(Native Method)
at java.base/jdk.internal.reflect.NativeMethodAccessorImpl.invoke(NativeMethodAccessorImpl.java:77)
at java.base/jdk.internal.reflect.DelegatingMethodAccessorImpl.invoke(DelegatingMethodAccessorImpl.java:43)
at java.base/java.lang.reflect.Method.invoke(Method.java:568)
at org.testng.internal.invokers.MethodInvocationHelper.invokeMethod(MethodInvocationHelper.java:141)
at org.testng.internal.invokers.TestInvoker.invokeMethod(TestInvoker.java:687)
at org.testng.internal.invokers.TestInvoker.invokeTestMethod(TestInvoker.java:230)
at org.testng.internal.invokers.MethodRunner.runInSequence(MethodRunner.java:63)
at org.testng.internal.invokers.TestInvoker$MethodInvocationAgent.invoke(TestInvoker.java:995)
at org.testng.internal.invokers.TestInvoker.invokeTestMethods(TestInvoker.java:203)
at org.testng.internal.invokers.TestMethodWorker.invokeTestMethods(TestMethodWorker.java:154)
at org.testng.internal.invokers.TestMethodWorker.run(TestMethodWorker.java:134)
at java.base/java.util.ArrayList.forEach(ArrayList.java:1511)
at org.testng.TestRunner.privateRun(TestRunner.java:741)
at org.testng.TestRunner.run(TestRunner.java:616)
at org.testng.SuiteRunner.runTest(SuiteRunner.java:421)
at org.testng.SuiteRunner.runSequentially(SuiteRunner.java:413)
at org.testng.SuiteRunner.privateRun(SuiteRunner.java:373)
at org.testng.SuiteRunner.run(SuiteRunner.java:312)
at org.testng.SuiteRunnerWorker.runSuite(SuiteRunnerWorker.java:52)
at org.testng.SuiteRunnerWorker.run(SuiteRunnerWorker.java:95)
at org.testng.TestNG.runSuitesSequentially(TestNG.java:1274)
at org.testng.TestNG.runSuitesLocally(TestNG.java:1208)
at org.testng.TestNG.runSuites(TestNG.java:1112)
at org.testng.TestNG.run(TestNG.java:1079)
at org.testng.remote.AbstractRemoteTestNG.run(AbstractRemoteTestNG.java:115)
at org.testng.remote.RemoteTestNG.initAndRun(RemoteTestNG.java:293)
at org.testng.remote.RemoteTestNG.main(RemoteTestNG.java:91)
Caused by: java.lang.RuntimeException: ❌ Click failed after 3 attempts: By.xpath: //span[@class='p-menuitem-text' and text()='Accounts']
at automationFramework.pages.BasePage.clickWithRetry(BasePage.java:75)
at automationFramework.pages.AccountsPage.ensureDetailedStatementVisible(AccountsPage.java:93)
at automationFramework.pages.AccountsPage.downloadCustomStatement(AccountsPage.java:144)
... 31 more
]]>
    </error>
  </testcase> <!-- downloadCustom12MonthsXsl -->
</testsuite> <!-- automationFramework.tests.AccountsTestNG -->
