<?xml version="1.0" encoding="UTF-8"?>
<!-- Generated by org.testng.reporters.JUnitReportReporter -->
<testsuite hostname="Supriya" failures="0" tests="3" name="automationFramework.tests.PaymentTestNG" time="160.537" errors="0" timestamp="2025-06-11T11:54:38 IST" skipped="0">
  <testcase classname="automationFramework.tests.PaymentTestNG" name="loginBeforePayment" time="52.123"/>
  <testcase classname="automationFramework.tests.PaymentTestNG" name="testPayment" time="80.172"/>
  <testcase classname="automationFramework.tests.PaymentTestNG" name="testInvalidAmountScenarios" time="28.242"/>
</testsuite> <!-- automationFramework.tests.PaymentTestNG -->
