<?xml version="1.0" encoding="UTF-8"?>
<!-- Generated by org.testng.reporters.JUnitReportReporter -->
<testsuite hostname="Supriya" failures="0" tests="1" name="automationFramework.tests.TesttestNG" time="0.014" errors="0" timestamp="2025-06-05T17:59:59 IST" skipped="0">
  <testcase classname="automationFramework.tests.TesttestNG" name="verifyLogin" time="0.014"/>
</testsuite> <!-- automationFramework.tests.TesttestNG -->
