<?xml version="1.0" encoding="UTF-8"?>
<!-- Generated by org.testng.reporters.JUnitReportReporter -->
<testsuite hostname="Supriya" failures="0" tests="3" name="automationFramework.tests.PaymentTestNG" time="61.990" errors="0" timestamp="2025-06-20T16:35:51 IST" skipped="0">
  <testcase classname="automationFramework.tests.PaymentTestNG" name="loginBeforePayment" time="28.831"/>
  <testcase classname="automationFramework.tests.PaymentTestNG" name="testPayment" time="11.316"/>
  <testcase classname="automationFramework.tests.PaymentTestNG" name="testInvalidAmountScenarios" time="21.843"/>
</testsuite> <!-- automationFramework.tests.PaymentTestNG -->
