<?xml version="1.0" encoding="UTF-8"?>
<!-- Generated by org.testng.reporters.JUnitReportReporter -->
<testsuite hostname="Supriya" failures="0" tests="1" name="automationFramework.tests.LoginTest" time="0.029" errors="0" timestamp="2025-06-05T12:30:01 IST" skipped="0">
  <testcase classname="automationFramework.tests.LoginTest" name="verifyLogin" time="0.029"/>
</testsuite> <!-- automationFramework.tests.LoginTest -->
