<?xml version="1.0" encoding="UTF-8"?>
<!-- Generated by org.testng.reporters.JUnitReportReporter -->
<testsuite hostname="Supriya" failures="0" tests="1" name="automationFramework.tests.PaymentHistoryTestNG" time="61.934" errors="0" timestamp="2025-06-05T13:32:44 IST" skipped="0">
  <testcase classname="automationFramework.tests.PaymentHistoryTestNG" name="testPaymentHistory" time="61.934"/>
</testsuite> <!-- automationFramework.tests.PaymentHistoryTestNG -->
