<?xml version="1.0" encoding="UTF-8"?>
<!-- Generated by org.testng.reporters.JUnitReportReporter -->
<testsuite hostname="Supriya" failures="0" tests="3" name="automationFramework.tests.PaymentTestNG" time="33.887" errors="0" timestamp="2025-06-05T17:59:59 IST" skipped="0">
  <testcase classname="automationFramework.tests.PaymentTestNG" name="loginBeforePayment" time="14.376"/>
  <testcase classname="automationFramework.tests.PaymentTestNG" name="testPayment" time="14.738"/>
  <testcase classname="automationFramework.tests.PaymentTestNG" name="testInvalidAmountScenarios" time="4.773"/>
</testsuite> <!-- automationFramework.tests.PaymentTestNG -->
