<?xml version="1.0" encoding="UTF-8"?>
<!-- Generated by org.testng.reporters.JUnitReportReporter -->
<testsuite hostname="Supriya" failures="0" tests="5" name="automationFramework.tests.AccountsTestNG" time="1151.951" errors="0" timestamp="2025-06-13T12:35:29 IST" skipped="0">
  <testcase classname="automationFramework.tests.AccountsTestNG" name="testAccountSummary" time="255.268"/>
  <testcase classname="automationFramework.tests.AccountsTestNG" name="downloadOneMonthStatement" time="162.356"/>
  <testcase classname="automationFramework.tests.AccountsTestNG" name="downloadThreeMonthStatement" time="243.106"/>
  <testcase classname="automationFramework.tests.AccountsTestNG" name="testDownloadOneMonthXlsStatement" time="224.793"/>
  <testcase classname="automationFramework.tests.AccountsTestNG" name="testDownloadLast3MonthsStatementXls" time="266.428"/>
</testsuite> <!-- automationFramework.tests.AccountsTestNG -->
