<?xml version="1.0" encoding="UTF-8"?>
<!-- Generated by org.testng.reporters.JUnitReportReporter -->
<testsuite hostname="Supriya" failures="0" tests="3" name="automationFramework.tests.PaymentTestNG" time="72.400" errors="0" timestamp="2025-06-16T13:10:52 IST" skipped="0">
  <testcase classname="automationFramework.tests.PaymentTestNG" name="loginBeforePayment" time="18.621"/>
  <testcase classname="automationFramework.tests.PaymentTestNG" name="testPayment" time="20.645"/>
  <testcase classname="automationFramework.tests.PaymentTestNG" name="testInvalidAmountScenarios" time="33.134"/>
</testsuite> <!-- automationFramework.tests.PaymentTestNG -->
