<?xml version="1.0" encoding="UTF-8"?>
<!-- Generated by org.testng.reporters.JUnitReportReporter -->
<testsuite hostname="Supriya" failures="0" tests="3" name="automationFramework.tests.AccountsTestNG" time="718.683" errors="0" timestamp="2025-06-13T00:51:53 IST" skipped="0">
  <testcase classname="automationFramework.tests.AccountsTestNG" name="testAccountSummary" time="250.381"/>
  <testcase classname="automationFramework.tests.AccountsTestNG" name="downloadOneMonthStatement" time="198.312"/>
  <testcase classname="automationFramework.tests.AccountsTestNG" name="downloadThreeMonthStatement" time="269.990"/>
</testsuite> <!-- automationFramework.tests.AccountsTestNG -->
